This file contains any messages produced by compilers while
running configure, to aid debugging if configure makes a mistake.

It was created by fuse configure 2.9.3, which was
generated by GNU Autoconf 2.63.  Invocation command line was

  $ ./configure 

## --------- ##
## Platform. ##
## --------- ##

hostname = linux-client-01
uname -m = x86_64
uname -r = 2.6.32-358.el6.x86_64
uname -s = Linux
uname -v = #1 SMP Fri Feb 22 00:31:26 UTC 2013

/usr/bin/uname -p = unknown
/bin/uname -X     = unknown

/bin/arch              = x86_64
/usr/bin/arch -k       = unknown
/usr/convex/getsysinfo = unknown
/usr/bin/hostinfo      = unknown
/bin/machine           = unknown
/usr/bin/oslevel       = unknown
/bin/universe          = unknown

PATH: /usr/local/sbin
PATH: /usr/local/bin
PATH: /sbin
PATH: /bin
PATH: /usr/sbin
PATH: /usr/bin
PATH: /root/bin


## ----------- ##
## Core tests. ##
## ----------- ##

configure:2099: checking build system type
configure:2117: result: x86_64-unknown-linux-gnu
configure:2139: checking host system type
configure:2154: result: x86_64-unknown-linux-gnu
configure:2176: checking target system type
configure:2191: result: x86_64-unknown-linux-gnu
configure:2235: checking for a BSD-compatible install
configure:2303: result: /usr/bin/install -c
configure:2314: checking whether build environment is sane
configure:2374: result: yes
configure:2515: checking for a thread-safe mkdir -p
configure:2554: result: /bin/mkdir -p
configure:2567: checking for gawk
configure:2583: found /bin/gawk
configure:2594: result: gawk
configure:2605: checking whether make sets $(MAKE)
configure:2627: result: yes
configure:2761: checking for style of include used by make
configure:2789: result: GNU
configure:2859: checking for gcc
configure:2875: found /usr/bin/gcc
configure:2886: result: gcc
configure:3118: checking for C compiler version
configure:3126: gcc --version >&5
gcc (GCC) 4.4.7 20120313 (Red Hat 4.4.7-4)
Copyright (C) 2010 Free Software Foundation, Inc.
This is free software; see the source for copying conditions.  There is NO
warranty; not even for MERCHANTABILITY or FITNESS FOR A PARTICULAR PURPOSE.

configure:3130: $? = 0
configure:3137: gcc -v >&5
Using built-in specs.
Target: x86_64-redhat-linux
Configured with: ../configure --prefix=/usr --mandir=/usr/share/man --infodir=/usr/share/info --with-bugurl=http://bugzilla.redhat.com/bugzilla --enable-bootstrap --enable-shared --enable-threads=posix --enable-checking=release --with-system-zlib --enable-__cxa_atexit --disable-libunwind-exceptions --enable-gnu-unique-object --enable-languages=c,c++,objc,obj-c++,java,fortran,ada --enable-java-awt=gtk --disable-dssi --with-java-home=/usr/lib/jvm/java-1.5.0-gcj-1.5.0.0/jre --enable-libgcj-multifile --enable-java-maintainer-mode --with-ecj-jar=/usr/share/java/eclipse-ecj.jar --disable-libjava-multilib --with-ppl --with-cloog --with-tune=generic --with-arch_32=i686 --build=x86_64-redhat-linux
Thread model: posix
gcc version 4.4.7 20120313 (Red Hat 4.4.7-4) (GCC) 
configure:3141: $? = 0
configure:3148: gcc -V >&5
gcc: '-V' option must have argument
configure:3152: $? = 1
configure:3175: checking for C compiler default output file name
configure:3197: gcc    conftest.c  >&5
configure:3201: $? = 0
configure:3239: result: a.out
configure:3258: checking whether the C compiler works
configure:3268: ./a.out
configure:3272: $? = 0
configure:3291: result: yes
configure:3298: checking whether we are cross compiling
configure:3300: result: no
configure:3303: checking for suffix of executables
configure:3310: gcc -o conftest    conftest.c  >&5
configure:3314: $? = 0
configure:3340: result: 
configure:3346: checking for suffix of object files
configure:3372: gcc -c   conftest.c >&5
configure:3376: $? = 0
configure:3401: result: o
configure:3405: checking whether we are using the GNU C compiler
configure:3434: gcc -c   conftest.c >&5
configure:3441: $? = 0
configure:3458: result: yes
configure:3467: checking whether gcc accepts -g
configure:3497: gcc -c -g  conftest.c >&5
configure:3504: $? = 0
configure:3605: result: yes
configure:3622: checking for gcc option to accept ISO C89
configure:3696: gcc  -c -g -O2  conftest.c >&5
configure:3703: $? = 0
configure:3726: result: none needed
configure:3746: checking dependency style of gcc
configure:3856: result: gcc3
configure:3871: checking for a sed that does not truncate output
configure:3937: result: /bin/sed
configure:3955: checking for grep that handles long lines and -e
configure:4015: result: /bin/grep
configure:4020: checking for egrep
configure:4084: result: /bin/grep -E
configure:4089: checking for fgrep
configure:4153: result: /bin/grep -F
configure:4188: checking for ld used by gcc
configure:4255: result: /usr/bin/ld
configure:4264: checking if the linker (/usr/bin/ld) is GNU ld
configure:4279: result: yes
configure:4291: checking for BSD- or MS-compatible name lister (nm)
configure:4340: result: /usr/bin/nm -B
configure:4458: checking the name lister (/usr/bin/nm -B) interface
configure:4465: gcc -c -g -O2  conftest.c >&5
configure:4468: /usr/bin/nm -B "conftest.o"
configure:4471: output
0000000000000000 B some_variable
configure:4478: result: BSD nm
configure:4481: checking whether ln -s works
configure:4485: result: yes
configure:4493: checking the maximum length of command line arguments
configure:4613: result: 1966080
configure:4630: checking whether the shell understands some XSI constructs
configure:4640: result: yes
configure:4644: checking whether the shell understands "+="
configure:4650: result: yes
configure:4685: checking for /usr/bin/ld option to reload object files
configure:4692: result: -r
configure:4761: checking for objdump
configure:4777: found /usr/bin/objdump
configure:4788: result: objdump
configure:4820: checking how to recognize dependent libraries
configure:5016: result: pass_all
configure:5076: checking for ar
configure:5092: found /usr/bin/ar
configure:5103: result: ar
configure:5181: checking for strip
configure:5197: found /usr/bin/strip
configure:5208: result: strip
configure:5280: checking for ranlib
configure:5296: found /usr/bin/ranlib
configure:5307: result: ranlib
configure:5397: checking command to parse /usr/bin/nm -B output from gcc object
configure:5515: gcc -c -g -O2  conftest.c >&5
configure:5518: $? = 0
configure:5522: /usr/bin/nm -B conftest.o \| sed -n -e 's/^.*[	 ]\([ABCDGIRSTW][ABCDGIRSTW]*\)[	 ][	 ]*\([_A-Za-z][_A-Za-z0-9]*\)$/\1 \2 \2/p' \> conftest.nm
configure:5525: $? = 0
configure:5579: gcc -o conftest -g -O2   conftest.c conftstm.o >&5
configure:5582: $? = 0
configure:5620: result: ok
configure:5716: gcc -c -g -O2  conftest.c >&5
configure:5719: $? = 0
configure:6487: checking how to run the C preprocessor
configure:6527: gcc -E  conftest.c
configure:6534: $? = 0
configure:6565: gcc -E  conftest.c
conftest.c:10:28: error: ac_nonexistent.h: No such file or directory
configure:6572: $? = 1
configure: failed program was:
| /* confdefs.h.  */
| #define PACKAGE_NAME "fuse"
| #define PACKAGE_TARNAME "fuse"
| #define PACKAGE_VERSION "2.9.3"
| #define PACKAGE_STRING "fuse 2.9.3"
| #define PACKAGE_BUGREPORT ""
| #define PACKAGE "fuse"
| #define VERSION "2.9.3"
| /* end confdefs.h.  */
| #include <ac_nonexistent.h>
configure:6605: result: gcc -E
configure:6634: gcc -E  conftest.c
configure:6641: $? = 0
configure:6672: gcc -E  conftest.c
conftest.c:10:28: error: ac_nonexistent.h: No such file or directory
configure:6679: $? = 1
configure: failed program was:
| /* confdefs.h.  */
| #define PACKAGE_NAME "fuse"
| #define PACKAGE_TARNAME "fuse"
| #define PACKAGE_VERSION "2.9.3"
| #define PACKAGE_STRING "fuse 2.9.3"
| #define PACKAGE_BUGREPORT ""
| #define PACKAGE "fuse"
| #define VERSION "2.9.3"
| /* end confdefs.h.  */
| #include <ac_nonexistent.h>
configure:6719: checking for ANSI C header files
configure:6749: gcc -c -g -O2  conftest.c >&5
configure:6756: $? = 0
configure:6855: gcc -o conftest -g -O2   conftest.c  >&5
configure:6859: $? = 0
configure:6865: ./conftest
configure:6869: $? = 0
configure:6887: result: yes
configure:6911: checking for sys/types.h
configure:6932: gcc -c -g -O2  conftest.c >&5
configure:6939: $? = 0
configure:6956: result: yes
configure:6911: checking for sys/stat.h
configure:6932: gcc -c -g -O2  conftest.c >&5
configure:6939: $? = 0
configure:6956: result: yes
configure:6911: checking for stdlib.h
configure:6932: gcc -c -g -O2  conftest.c >&5
configure:6939: $? = 0
configure:6956: result: yes
configure:6911: checking for string.h
configure:6932: gcc -c -g -O2  conftest.c >&5
configure:6939: $? = 0
configure:6956: result: yes
configure:6911: checking for memory.h
configure:6932: gcc -c -g -O2  conftest.c >&5
configure:6939: $? = 0
configure:6956: result: yes
configure:6911: checking for strings.h
configure:6932: gcc -c -g -O2  conftest.c >&5
configure:6939: $? = 0
configure:6956: result: yes
configure:6911: checking for inttypes.h
configure:6932: gcc -c -g -O2  conftest.c >&5
configure:6939: $? = 0
configure:6956: result: yes
configure:6911: checking for stdint.h
configure:6932: gcc -c -g -O2  conftest.c >&5
configure:6939: $? = 0
configure:6956: result: yes
configure:6911: checking for unistd.h
configure:6932: gcc -c -g -O2  conftest.c >&5
configure:6939: $? = 0
configure:6956: result: yes
configure:6974: checking for dlfcn.h
configure:6995: gcc -c -g -O2  conftest.c >&5
configure:7002: $? = 0
configure:7019: result: yes
configure:7205: checking for objdir
configure:7220: result: .libs
configure:7512: checking if gcc supports -fno-rtti -fno-exceptions
configure:7530: gcc -c -g -O2  -fno-rtti -fno-exceptions conftest.c >&5
cc1: warning: command line option "-fno-rtti" is valid for C++/ObjC++ but not for C
configure:7534: $? = 0
configure:7547: result: no
configure:7567: checking for gcc option to produce PIC
configure:7839: result: -fPIC -DPIC
configure:7851: checking if gcc PIC flag -fPIC -DPIC works
configure:7869: gcc -c -g -O2  -fPIC -DPIC -DPIC conftest.c >&5
configure:7873: $? = 0
configure:7886: result: yes
configure:7910: checking if gcc static flag -static works
configure:7938: result: no
configure:7953: checking if gcc supports -c -o file.o
configure:7974: gcc -c -g -O2  -o out/conftest2.o conftest.c >&5
configure:7978: $? = 0
configure:8000: result: yes
configure:8008: checking if gcc supports -c -o file.o
configure:8055: result: yes
configure:8088: checking whether the gcc linker (/usr/bin/ld -m elf_x86_64) supports shared libraries
configure:9162: result: yes
configure:9199: checking whether -lc should be explicitly linked in
configure:9204: gcc -c -g -O2  conftest.c >&5
configure:9207: $? = 0
configure:9222: gcc -shared conftest.o  -v -Wl,-soname -Wl,conftest -o conftest 2\>\&1 \| /bin/grep  -lc  \>/dev/null 2\>\&1
configure:9225: $? = 0
configure:9237: result: no
configure:9401: checking dynamic linker characteristics
configure:9844: gcc -o conftest -g -O2   -Wl,-rpath -Wl,/foo conftest.c  >&5
configure:9851: $? = 0
configure:10087: result: GNU/Linux ld.so
configure:10189: checking how to hardcode library paths into programs
configure:10214: result: immediate
configure:11047: checking whether stripping libraries is possible
configure:11052: result: yes
configure:11087: checking if libtool supports shared libraries
configure:11089: result: yes
configure:11092: checking whether to build shared libraries
configure:11113: result: yes
configure:11116: checking whether to build static libraries
configure:11120: result: yes
configure:11203: checking for gcc
configure:11230: result: gcc
configure:11462: checking for C compiler version
configure:11470: gcc --version >&5
gcc (GCC) 4.4.7 20120313 (Red Hat 4.4.7-4)
Copyright (C) 2010 Free Software Foundation, Inc.
This is free software; see the source for copying conditions.  There is NO
warranty; not even for MERCHANTABILITY or FITNESS FOR A PARTICULAR PURPOSE.

configure:11474: $? = 0
configure:11481: gcc -v >&5
Using built-in specs.
Target: x86_64-redhat-linux
Configured with: ../configure --prefix=/usr --mandir=/usr/share/man --infodir=/usr/share/info --with-bugurl=http://bugzilla.redhat.com/bugzilla --enable-bootstrap --enable-shared --enable-threads=posix --enable-checking=release --with-system-zlib --enable-__cxa_atexit --disable-libunwind-exceptions --enable-gnu-unique-object --enable-languages=c,c++,objc,obj-c++,java,fortran,ada --enable-java-awt=gtk --disable-dssi --with-java-home=/usr/lib/jvm/java-1.5.0-gcj-1.5.0.0/jre --enable-libgcj-multifile --enable-java-maintainer-mode --with-ecj-jar=/usr/share/java/eclipse-ecj.jar --disable-libjava-multilib --with-ppl --with-cloog --with-tune=generic --with-arch_32=i686 --build=x86_64-redhat-linux
Thread model: posix
gcc version 4.4.7 20120313 (Red Hat 4.4.7-4) (GCC) 
configure:11485: $? = 0
configure:11492: gcc -V >&5
gcc: '-V' option must have argument
configure:11496: $? = 1
configure:11499: checking whether we are using the GNU C compiler
configure:11552: result: yes
configure:11561: checking whether gcc accepts -g
configure:11699: result: yes
configure:11716: checking for gcc option to accept ISO C89
configure:11820: result: none needed
configure:11840: checking dependency style of gcc
configure:11950: result: gcc3
configure:11965: checking for a thread-safe mkdir -p
configure:12004: result: /bin/mkdir -p
configure:12008: checking whether gcc and cc understand -c and -o together
configure:12043: gcc -c conftest.c -o conftest2.o >&5
configure:12047: $? = 0
configure:12053: gcc -c conftest.c -o conftest2.o >&5
configure:12057: $? = 0
configure:12068: cc -c conftest.c >&5
configure:12072: $? = 0
configure:12080: cc -c conftest.c -o conftest2.o >&5
configure:12084: $? = 0
configure:12090: cc -c conftest.c -o conftest2.o >&5
configure:12094: $? = 0
configure:12112: result: yes
configure:12210: checking for fork
configure:12266: gcc -o conftest -Wall -W -Wno-sign-compare -Wstrict-prototypes -Wmissing-declarations -Wwrite-strings -g -O2 -fno-strict-aliasing   conftest.c  >&5
conftest.c:45: warning: function declaration isn't a prototype
conftest.c:45: warning: conflicting types for built-in function 'fork'
conftest.c:55: warning: function declaration isn't a prototype
configure:12273: $? = 0
configure:12295: result: yes
configure:12210: checking for setxattr
configure:12266: gcc -o conftest -Wall -W -Wno-sign-compare -Wstrict-prototypes -Wmissing-declarations -Wwrite-strings -g -O2 -fno-strict-aliasing   conftest.c  >&5
conftest.c:46: warning: function declaration isn't a prototype
conftest.c:56: warning: function declaration isn't a prototype
configure:12273: $? = 0
configure:12295: result: yes
configure:12210: checking for fdatasync
configure:12266: gcc -o conftest -Wall -W -Wno-sign-compare -Wstrict-prototypes -Wmissing-declarations -Wwrite-strings -g -O2 -fno-strict-aliasing   conftest.c  >&5
conftest.c:47: warning: function declaration isn't a prototype
conftest.c:57: warning: function declaration isn't a prototype
configure:12273: $? = 0
configure:12295: result: yes
configure:12210: checking for splice
configure:12266: gcc -o conftest -Wall -W -Wno-sign-compare -Wstrict-prototypes -Wmissing-declarations -Wwrite-strings -g -O2 -fno-strict-aliasing   conftest.c  >&5
conftest.c:48: warning: function declaration isn't a prototype
conftest.c:58: warning: function declaration isn't a prototype
configure:12273: $? = 0
configure:12295: result: yes
configure:12210: checking for vmsplice
configure:12266: gcc -o conftest -Wall -W -Wno-sign-compare -Wstrict-prototypes -Wmissing-declarations -Wwrite-strings -g -O2 -fno-strict-aliasing   conftest.c  >&5
conftest.c:49: warning: function declaration isn't a prototype
conftest.c:59: warning: function declaration isn't a prototype
configure:12273: $? = 0
configure:12295: result: yes
configure:12210: checking for utimensat
configure:12266: gcc -o conftest -Wall -W -Wno-sign-compare -Wstrict-prototypes -Wmissing-declarations -Wwrite-strings -g -O2 -fno-strict-aliasing   conftest.c  >&5
conftest.c:50: warning: function declaration isn't a prototype
conftest.c:60: warning: function declaration isn't a prototype
configure:12273: $? = 0
configure:12295: result: yes
configure:12311: checking for posix_fallocate
configure:12367: gcc -o conftest -Wall -W -Wno-sign-compare -Wstrict-prototypes -Wmissing-declarations -Wwrite-strings -g -O2 -fno-strict-aliasing   conftest.c  >&5
conftest.c:51: warning: function declaration isn't a prototype
conftest.c:61: warning: function declaration isn't a prototype
configure:12374: $? = 0
configure:12396: result: yes
configure:12408: checking for struct stat.st_atim
configure:12436: gcc -c -Wall -W -Wno-sign-compare -Wstrict-prototypes -Wmissing-declarations -Wwrite-strings -g -O2 -fno-strict-aliasing  conftest.c >&5
conftest.c:64: warning: function declaration isn't a prototype
conftest.c: In function 'main':
conftest.c:66: error: used struct type value where scalar is required
configure:12443: $? = 1
configure: failed program was:
| /* confdefs.h.  */
| #define PACKAGE_NAME "fuse"
| #define PACKAGE_TARNAME "fuse"
| #define PACKAGE_VERSION "2.9.3"
| #define PACKAGE_STRING "fuse 2.9.3"
| #define PACKAGE_BUGREPORT ""
| #define PACKAGE "fuse"
| #define VERSION "2.9.3"
| #define STDC_HEADERS 1
| #define HAVE_SYS_TYPES_H 1
| #define HAVE_SYS_STAT_H 1
| #define HAVE_STDLIB_H 1
| #define HAVE_STRING_H 1
| #define HAVE_MEMORY_H 1
| #define HAVE_STRINGS_H 1
| #define HAVE_INTTYPES_H 1
| #define HAVE_STDINT_H 1
| #define HAVE_UNISTD_H 1
| #define HAVE_DLFCN_H 1
| #define LT_OBJDIR ".libs/"
| #define HAVE_FORK 1
| #define HAVE_SETXATTR 1
| #define HAVE_FDATASYNC 1
| #define HAVE_SPLICE 1
| #define HAVE_VMSPLICE 1
| #define HAVE_UTIMENSAT 1
| #define HAVE_POSIX_FALLOCATE 1
| /* end confdefs.h.  */
| #include <stdio.h>
| #ifdef HAVE_SYS_TYPES_H
| # include <sys/types.h>
| #endif
| #ifdef HAVE_SYS_STAT_H
| # include <sys/stat.h>
| #endif
| #ifdef STDC_HEADERS
| # include <stdlib.h>
| # include <stddef.h>
| #else
| # ifdef HAVE_STDLIB_H
| #  include <stdlib.h>
| # endif
| #endif
| #ifdef HAVE_STRING_H
| # if !defined STDC_HEADERS && defined HAVE_MEMORY_H
| #  include <memory.h>
| # endif
| # include <string.h>
| #endif
| #ifdef HAVE_STRINGS_H
| # include <strings.h>
| #endif
| #ifdef HAVE_INTTYPES_H
| # include <inttypes.h>
| #endif
| #ifdef HAVE_STDINT_H
| # include <stdint.h>
| #endif
| #ifdef HAVE_UNISTD_H
| # include <unistd.h>
| #endif
| int
| main ()
| {
| static struct stat ac_aggr;
| if (ac_aggr.st_atim)
| return 0;
|   ;
|   return 0;
| }
configure:12476: gcc -c -Wall -W -Wno-sign-compare -Wstrict-prototypes -Wmissing-declarations -Wwrite-strings -g -O2 -fno-strict-aliasing  conftest.c >&5
conftest.c:64: warning: function declaration isn't a prototype
configure:12483: $? = 0
configure:12501: result: yes
configure:12512: checking for struct stat.st_atimespec
configure:12540: gcc -c -Wall -W -Wno-sign-compare -Wstrict-prototypes -Wmissing-declarations -Wwrite-strings -g -O2 -fno-strict-aliasing  conftest.c >&5
conftest.c:65: warning: function declaration isn't a prototype
conftest.c: In function 'main':
conftest.c:67: error: 'struct stat' has no member named 'st_atimespec'
configure:12547: $? = 1
configure: failed program was:
| /* confdefs.h.  */
| #define PACKAGE_NAME "fuse"
| #define PACKAGE_TARNAME "fuse"
| #define PACKAGE_VERSION "2.9.3"
| #define PACKAGE_STRING "fuse 2.9.3"
| #define PACKAGE_BUGREPORT ""
| #define PACKAGE "fuse"
| #define VERSION "2.9.3"
| #define STDC_HEADERS 1
| #define HAVE_SYS_TYPES_H 1
| #define HAVE_SYS_STAT_H 1
| #define HAVE_STDLIB_H 1
| #define HAVE_STRING_H 1
| #define HAVE_MEMORY_H 1
| #define HAVE_STRINGS_H 1
| #define HAVE_INTTYPES_H 1
| #define HAVE_STDINT_H 1
| #define HAVE_UNISTD_H 1
| #define HAVE_DLFCN_H 1
| #define LT_OBJDIR ".libs/"
| #define HAVE_FORK 1
| #define HAVE_SETXATTR 1
| #define HAVE_FDATASYNC 1
| #define HAVE_SPLICE 1
| #define HAVE_VMSPLICE 1
| #define HAVE_UTIMENSAT 1
| #define HAVE_POSIX_FALLOCATE 1
| #define HAVE_STRUCT_STAT_ST_ATIM 1
| /* end confdefs.h.  */
| #include <stdio.h>
| #ifdef HAVE_SYS_TYPES_H
| # include <sys/types.h>
| #endif
| #ifdef HAVE_SYS_STAT_H
| # include <sys/stat.h>
| #endif
| #ifdef STDC_HEADERS
| # include <stdlib.h>
| # include <stddef.h>
| #else
| # ifdef HAVE_STDLIB_H
| #  include <stdlib.h>
| # endif
| #endif
| #ifdef HAVE_STRING_H
| # if !defined STDC_HEADERS && defined HAVE_MEMORY_H
| #  include <memory.h>
| # endif
| # include <string.h>
| #endif
| #ifdef HAVE_STRINGS_H
| # include <strings.h>
| #endif
| #ifdef HAVE_INTTYPES_H
| # include <inttypes.h>
| #endif
| #ifdef HAVE_STDINT_H
| # include <stdint.h>
| #endif
| #ifdef HAVE_UNISTD_H
| # include <unistd.h>
| #endif
| int
| main ()
| {
| static struct stat ac_aggr;
| if (ac_aggr.st_atimespec)
| return 0;
|   ;
|   return 0;
| }
configure:12580: gcc -c -Wall -W -Wno-sign-compare -Wstrict-prototypes -Wmissing-declarations -Wwrite-strings -g -O2 -fno-strict-aliasing  conftest.c >&5
conftest.c:65: warning: function declaration isn't a prototype
conftest.c: In function 'main':
conftest.c:67: error: 'struct stat' has no member named 'st_atimespec'
configure:12587: $? = 1
configure: failed program was:
| /* confdefs.h.  */
| #define PACKAGE_NAME "fuse"
| #define PACKAGE_TARNAME "fuse"
| #define PACKAGE_VERSION "2.9.3"
| #define PACKAGE_STRING "fuse 2.9.3"
| #define PACKAGE_BUGREPORT ""
| #define PACKAGE "fuse"
| #define VERSION "2.9.3"
| #define STDC_HEADERS 1
| #define HAVE_SYS_TYPES_H 1
| #define HAVE_SYS_STAT_H 1
| #define HAVE_STDLIB_H 1
| #define HAVE_STRING_H 1
| #define HAVE_MEMORY_H 1
| #define HAVE_STRINGS_H 1
| #define HAVE_INTTYPES_H 1
| #define HAVE_STDINT_H 1
| #define HAVE_UNISTD_H 1
| #define HAVE_DLFCN_H 1
| #define LT_OBJDIR ".libs/"
| #define HAVE_FORK 1
| #define HAVE_SETXATTR 1
| #define HAVE_FDATASYNC 1
| #define HAVE_SPLICE 1
| #define HAVE_VMSPLICE 1
| #define HAVE_UTIMENSAT 1
| #define HAVE_POSIX_FALLOCATE 1
| #define HAVE_STRUCT_STAT_ST_ATIM 1
| /* end confdefs.h.  */
| #include <stdio.h>
| #ifdef HAVE_SYS_TYPES_H
| # include <sys/types.h>
| #endif
| #ifdef HAVE_SYS_STAT_H
| # include <sys/stat.h>
| #endif
| #ifdef STDC_HEADERS
| # include <stdlib.h>
| # include <stddef.h>
| #else
| # ifdef HAVE_STDLIB_H
| #  include <stdlib.h>
| # endif
| #endif
| #ifdef HAVE_STRING_H
| # if !defined STDC_HEADERS && defined HAVE_MEMORY_H
| #  include <memory.h>
| # endif
| # include <string.h>
| #endif
| #ifdef HAVE_STRINGS_H
| # include <strings.h>
| #endif
| #ifdef HAVE_INTTYPES_H
| # include <inttypes.h>
| #endif
| #ifdef HAVE_STDINT_H
| # include <stdint.h>
| #endif
| #ifdef HAVE_UNISTD_H
| # include <unistd.h>
| #endif
| int
| main ()
| {
| static struct stat ac_aggr;
| if (sizeof ac_aggr.st_atimespec)
| return 0;
|   ;
|   return 0;
| }
configure:12605: result: no
configure:12618: checking for library containing dlopen
configure:12659: gcc -o conftest -Wall -W -Wno-sign-compare -Wstrict-prototypes -Wmissing-declarations -Wwrite-strings -g -O2 -fno-strict-aliasing   conftest.c  >&5
conftest.c:37: warning: function declaration isn't a prototype
conftest.c:40: warning: function declaration isn't a prototype
/tmp/ccsaSFsG.o: In function `main':
/home/dyan/downloads/fuse-2.9.3/conftest.c:41: undefined reference to `dlopen'
collect2: ld returned 1 exit status
configure:12666: $? = 1
configure: failed program was:
| /* confdefs.h.  */
| #define PACKAGE_NAME "fuse"
| #define PACKAGE_TARNAME "fuse"
| #define PACKAGE_VERSION "2.9.3"
| #define PACKAGE_STRING "fuse 2.9.3"
| #define PACKAGE_BUGREPORT ""
| #define PACKAGE "fuse"
| #define VERSION "2.9.3"
| #define STDC_HEADERS 1
| #define HAVE_SYS_TYPES_H 1
| #define HAVE_SYS_STAT_H 1
| #define HAVE_STDLIB_H 1
| #define HAVE_STRING_H 1
| #define HAVE_MEMORY_H 1
| #define HAVE_STRINGS_H 1
| #define HAVE_INTTYPES_H 1
| #define HAVE_STDINT_H 1
| #define HAVE_UNISTD_H 1
| #define HAVE_DLFCN_H 1
| #define LT_OBJDIR ".libs/"
| #define HAVE_FORK 1
| #define HAVE_SETXATTR 1
| #define HAVE_FDATASYNC 1
| #define HAVE_SPLICE 1
| #define HAVE_VMSPLICE 1
| #define HAVE_UTIMENSAT 1
| #define HAVE_POSIX_FALLOCATE 1
| #define HAVE_STRUCT_STAT_ST_ATIM 1
| /* end confdefs.h.  */
| 
| /* Override any GCC internal prototype to avoid an error.
|    Use char because int might match the return type of a GCC
|    builtin and then its argument prototype would still apply.  */
| #ifdef __cplusplus
| extern "C"
| #endif
| char dlopen ();
| int
| main ()
| {
| return dlopen ();
|   ;
|   return 0;
| }
configure:12659: gcc -o conftest -Wall -W -Wno-sign-compare -Wstrict-prototypes -Wmissing-declarations -Wwrite-strings -g -O2 -fno-strict-aliasing   conftest.c -ldl   >&5
conftest.c:37: warning: function declaration isn't a prototype
conftest.c:40: warning: function declaration isn't a prototype
configure:12666: $? = 0
configure:12697: result: -ldl
configure:12705: checking for library containing clock_gettime
configure:12746: gcc -o conftest -Wall -W -Wno-sign-compare -Wstrict-prototypes -Wmissing-declarations -Wwrite-strings -g -O2 -fno-strict-aliasing   conftest.c -ldl  >&5
conftest.c:37: warning: function declaration isn't a prototype
conftest.c:40: warning: function declaration isn't a prototype
/tmp/ccN2qSQO.o: In function `main':
/home/dyan/downloads/fuse-2.9.3/conftest.c:41: undefined reference to `clock_gettime'
collect2: ld returned 1 exit status
configure:12753: $? = 1
configure: failed program was:
| /* confdefs.h.  */
| #define PACKAGE_NAME "fuse"
| #define PACKAGE_TARNAME "fuse"
| #define PACKAGE_VERSION "2.9.3"
| #define PACKAGE_STRING "fuse 2.9.3"
| #define PACKAGE_BUGREPORT ""
| #define PACKAGE "fuse"
| #define VERSION "2.9.3"
| #define STDC_HEADERS 1
| #define HAVE_SYS_TYPES_H 1
| #define HAVE_SYS_STAT_H 1
| #define HAVE_STDLIB_H 1
| #define HAVE_STRING_H 1
| #define HAVE_MEMORY_H 1
| #define HAVE_STRINGS_H 1
| #define HAVE_INTTYPES_H 1
| #define HAVE_STDINT_H 1
| #define HAVE_UNISTD_H 1
| #define HAVE_DLFCN_H 1
| #define LT_OBJDIR ".libs/"
| #define HAVE_FORK 1
| #define HAVE_SETXATTR 1
| #define HAVE_FDATASYNC 1
| #define HAVE_SPLICE 1
| #define HAVE_VMSPLICE 1
| #define HAVE_UTIMENSAT 1
| #define HAVE_POSIX_FALLOCATE 1
| #define HAVE_STRUCT_STAT_ST_ATIM 1
| /* end confdefs.h.  */
| 
| /* Override any GCC internal prototype to avoid an error.
|    Use char because int might match the return type of a GCC
|    builtin and then its argument prototype would still apply.  */
| #ifdef __cplusplus
| extern "C"
| #endif
| char clock_gettime ();
| int
| main ()
| {
| return clock_gettime ();
|   ;
|   return 0;
| }
configure:12746: gcc -o conftest -Wall -W -Wno-sign-compare -Wstrict-prototypes -Wmissing-declarations -Wwrite-strings -g -O2 -fno-strict-aliasing   conftest.c -lrt  -ldl  >&5
conftest.c:37: warning: function declaration isn't a prototype
conftest.c:40: warning: function declaration isn't a prototype
configure:12753: $? = 0
configure:12784: result: -lrt
configure:12845: checking for ld used by GCC
configure:12909: result: /usr/bin/ld -m elf_x86_64
configure:12918: checking if the linker (/usr/bin/ld -m elf_x86_64) is GNU ld
configure:12931: result: yes
configure:12938: checking for shared library run path origin
configure:12951: result: done
configure:13459: checking for iconv
configure:13491: gcc -o conftest -Wall -W -Wno-sign-compare -Wstrict-prototypes -Wmissing-declarations -Wwrite-strings -g -O2 -fno-strict-aliasing   conftest.c  >&5
conftest.c:34: warning: function declaration isn't a prototype
configure:13498: $? = 0
configure:13575: result: yes
configure:13578: checking for working iconv
configure:13664: gcc -o conftest -Wall -W -Wno-sign-compare -Wstrict-prototypes -Wmissing-declarations -Wwrite-strings -g -O2 -fno-strict-aliasing   conftest.c  >&5
conftest.c:34: warning: function declaration isn't a prototype
configure:13668: $? = 0
configure:13674: ./conftest
configure:13678: $? = 0
configure:13697: result: yes
configure:13727: checking for iconv declaration
configure:13766: gcc -c -Wall -W -Wno-sign-compare -Wstrict-prototypes -Wmissing-declarations -Wwrite-strings -g -O2 -fno-strict-aliasing  conftest.c >&5
conftest.c:46: warning: function declaration isn't a prototype
configure:13773: $? = 0
configure:13792: result: 
         extern size_t iconv (iconv_t cd, char * *inbuf, size_t *inbytesleft, char * *outbuf, size_t *outbytesleft);
configure:13855: checking if umount supports --fake --no-canonicalize
configure:13860: result: yes
configure:14074: creating ./config.status

## ---------------------- ##
## Running config.status. ##
## ---------------------- ##

This file was extended by fuse config.status 2.9.3, which was
generated by GNU Autoconf 2.63.  Invocation command line was

  CONFIG_FILES    = 
  CONFIG_HEADERS  = 
  CONFIG_LINKS    = 
  CONFIG_COMMANDS = 
  $ ./config.status 

on linux-client-01

config.status:1021: creating fuse.pc
config.status:1021: creating Makefile
config.status:1021: creating lib/Makefile
config.status:1021: creating util/Makefile
config.status:1021: creating example/Makefile
config.status:1021: creating include/Makefile
config.status:1021: creating doc/Makefile
config.status:1021: creating include/config.h
config.status:1295: executing depfiles commands
config.status:1295: executing libtool commands

## ---------------- ##
## Cache variables. ##
## ---------------- ##

ac_cv_build=x86_64-unknown-linux-gnu
ac_cv_c_compiler_gnu=yes
ac_cv_env_CC_set=
ac_cv_env_CC_value=
ac_cv_env_CFLAGS_set=
ac_cv_env_CFLAGS_value=
ac_cv_env_CPPFLAGS_set=
ac_cv_env_CPPFLAGS_value=
ac_cv_env_CPP_set=
ac_cv_env_CPP_value=
ac_cv_env_LDFLAGS_set=
ac_cv_env_LDFLAGS_value=
ac_cv_env_LIBS_set=
ac_cv_env_LIBS_value=
ac_cv_env_build_alias_set=
ac_cv_env_build_alias_value=
ac_cv_env_host_alias_set=
ac_cv_env_host_alias_value=
ac_cv_env_target_alias_set=
ac_cv_env_target_alias_value=
ac_cv_func_fdatasync=yes
ac_cv_func_fork=yes
ac_cv_func_posix_fallocate=yes
ac_cv_func_setxattr=yes
ac_cv_func_splice=yes
ac_cv_func_utimensat=yes
ac_cv_func_vmsplice=yes
ac_cv_header_dlfcn_h=yes
ac_cv_header_inttypes_h=yes
ac_cv_header_memory_h=yes
ac_cv_header_stdc=yes
ac_cv_header_stdint_h=yes
ac_cv_header_stdlib_h=yes
ac_cv_header_string_h=yes
ac_cv_header_strings_h=yes
ac_cv_header_sys_stat_h=yes
ac_cv_header_sys_types_h=yes
ac_cv_header_unistd_h=yes
ac_cv_host=x86_64-unknown-linux-gnu
ac_cv_member_struct_stat_st_atim=yes
ac_cv_member_struct_stat_st_atimespec=no
ac_cv_objext=o
ac_cv_path_EGREP='/bin/grep -E'
ac_cv_path_FGREP='/bin/grep -F'
ac_cv_path_GREP=/bin/grep
ac_cv_path_SED=/bin/sed
ac_cv_path_install='/usr/bin/install -c'
ac_cv_path_mkdir=/bin/mkdir
ac_cv_prog_AWK=gawk
ac_cv_prog_CPP='gcc -E'
ac_cv_prog_ac_ct_AR=ar
ac_cv_prog_ac_ct_CC=gcc
ac_cv_prog_ac_ct_OBJDUMP=objdump
ac_cv_prog_ac_ct_RANLIB=ranlib
ac_cv_prog_ac_ct_STRIP=strip
ac_cv_prog_cc_c89=
ac_cv_prog_cc_g=yes
ac_cv_prog_cc_gcc_c_o=yes
ac_cv_prog_make_make_set=yes
ac_cv_search_clock_gettime=-lrt
ac_cv_search_dlopen=-ldl
ac_cv_target=x86_64-unknown-linux-gnu
acl_cv_hardcode_direct=no
acl_cv_hardcode_libdir_flag_spec='${wl}-rpath ${wl}$libdir'
acl_cv_hardcode_libdir_separator=
acl_cv_hardcode_minus_L=no
acl_cv_libext=a
acl_cv_libname_spec='lib$name'
acl_cv_library_names_spec='$libname$shrext'
acl_cv_path_LD='/usr/bin/ld -m elf_x86_64'
acl_cv_prog_gnu_ld=yes
acl_cv_rpath=done
acl_cv_shlibext=so
acl_cv_wl=-Wl,
am_cv_CC_dependencies_compiler_type=gcc3
am_cv_func_iconv=yes
am_cv_func_iconv_works=yes
am_cv_lib_iconv=no
am_cv_proto_iconv='extern size_t iconv (iconv_t cd, char * *inbuf, size_t *inbytesleft, char * *outbuf, size_t *outbytesleft);'
am_cv_proto_iconv_arg1=
lt_cv_deplibs_check_method=pass_all
lt_cv_file_magic_cmd='$MAGIC_CMD'
lt_cv_file_magic_test_file=
lt_cv_ld_reload_flag=-r
lt_cv_nm_interface='BSD nm'
lt_cv_objdir=.libs
lt_cv_path_LD=/usr/bin/ld
lt_cv_path_NM='/usr/bin/nm -B'
lt_cv_prog_compiler_c_o=yes
lt_cv_prog_compiler_pic_works=yes
lt_cv_prog_compiler_rtti_exceptions=no
lt_cv_prog_compiler_static_works=no
lt_cv_prog_gnu_ld=yes
lt_cv_sys_global_symbol_pipe='sed -n -e '\''s/^.*[	 ]\([ABCDGIRSTW][ABCDGIRSTW]*\)[	 ][	 ]*\([_A-Za-z][_A-Za-z0-9]*\)$/\1 \2 \2/p'\'''
lt_cv_sys_global_symbol_to_c_name_address='sed -n -e '\''s/^: \([^ ]*\) $/  {\"\1\", (void *) 0},/p'\'' -e '\''s/^[ABCDGIRSTW]* \([^ ]*\) \([^ ]*\)$/  {"\2", (void *) \&\2},/p'\'''
lt_cv_sys_global_symbol_to_c_name_address_lib_prefix='sed -n -e '\''s/^: \([^ ]*\) $/  {\"\1\", (void *) 0},/p'\'' -e '\''s/^[ABCDGIRSTW]* \([^ ]*\) \(lib[^ ]*\)$/  {"\2", (void *) \&\2},/p'\'' -e '\''s/^[ABCDGIRSTW]* \([^ ]*\) \([^ ]*\)$/  {"lib\2", (void *) \&\2},/p'\'''
lt_cv_sys_global_symbol_to_cdecl='sed -n -e '\''s/^T .* \(.*\)$/extern int \1();/p'\'' -e '\''s/^[ABCDGIRSTW]* .* \(.*\)$/extern char \1;/p'\'''
lt_cv_sys_max_cmd_len=1966080

## ----------------- ##
## Output variables. ##
## ----------------- ##

ACLOCAL='${SHELL} /home/dyan/downloads/fuse-2.9.3/missing --run aclocal-1.11'
AMDEPBACKSLASH='\'
AMDEP_FALSE='#'
AMDEP_TRUE=''
AMTAR='${SHELL} /home/dyan/downloads/fuse-2.9.3/missing --run tar'
AM_BACKSLASH='\'
AM_DEFAULT_VERBOSITY='0'
AR='ar'
AUTOCONF='${SHELL} /home/dyan/downloads/fuse-2.9.3/missing --run autoconf'
AUTOHEADER='${SHELL} /home/dyan/downloads/fuse-2.9.3/missing --run autoheader'
AUTOMAKE='${SHELL} /home/dyan/downloads/fuse-2.9.3/missing --run automake-1.11'
AWK='gawk'
BSD_FALSE=''
BSD_TRUE='#'
CC='gcc'
CCDEPMODE='depmode=gcc3'
CFLAGS='-Wall -W -Wno-sign-compare -Wstrict-prototypes -Wmissing-declarations -Wwrite-strings -g -O2 -fno-strict-aliasing'
CPP='gcc -E'
CPPFLAGS=''
CYGPATH_W='echo'
DEFS='-DHAVE_CONFIG_H'
DEPDIR='.deps'
DSYMUTIL=''
DUMPBIN=''
ECHO_C=''
ECHO_N='-n'
ECHO_T=''
EGREP='/bin/grep -E'
EXEEXT=''
FGREP='/bin/grep -F'
GREP='/bin/grep'
ICONV_FALSE='#'
ICONV_TRUE=''
INIT_D_PATH='/etc/init.d'
INSTALL_DATA='${INSTALL} -m 644'
INSTALL_PROGRAM='${INSTALL}'
INSTALL_SCRIPT='${INSTALL}'
INSTALL_STRIP_PROGRAM='$(install_sh) -c -s'
LD='/usr/bin/ld -m elf_x86_64'
LDFLAGS=''
LIBICONV=''
LIBOBJS=''
LIBS=''
LIBTOOL='$(SHELL) $(top_builddir)/libtool'
LINUX_FALSE='#'
LINUX_TRUE=''
LIPO=''
LN_S='ln -s'
LTLIBICONV=''
LTLIBOBJS=''
MAKEINFO='${SHELL} /home/dyan/downloads/fuse-2.9.3/missing --run makeinfo'
MKDIR_P='/bin/mkdir -p'
MOUNT_FUSE_PATH='/sbin'
NETBSD_FALSE=''
NETBSD_TRUE='#'
NM='/usr/bin/nm -B'
NMEDIT=''
OBJDUMP='objdump'
OBJEXT='o'
OTOOL64=''
OTOOL=''
PACKAGE='fuse'
PACKAGE_BUGREPORT=''
PACKAGE_NAME='fuse'
PACKAGE_STRING='fuse 2.9.3'
PACKAGE_TARNAME='fuse'
PACKAGE_VERSION='2.9.3'
PATH_SEPARATOR=':'
RANLIB='ranlib'
SED='/bin/sed'
SET_MAKE=''
SHELL='/bin/sh'
STRIP='strip'
UDEV_RULES_PATH='/etc/udev/rules.d'
VERSION='2.9.3'
ac_ct_CC='gcc'
ac_ct_DUMPBIN=''
am__EXEEXT_FALSE=''
am__EXEEXT_TRUE='#'
am__fastdepCC_FALSE='#'
am__fastdepCC_TRUE=''
am__include='include'
am__isrc=''
am__leading_dot='.'
am__quote=''
am__tar='${AMTAR} chof - "$$tardir"'
am__untar='${AMTAR} xf -'
bindir='${exec_prefix}/bin'
build='x86_64-unknown-linux-gnu'
build_alias=''
build_cpu='x86_64'
build_os='linux-gnu'
build_vendor='unknown'
datadir='${datarootdir}'
datarootdir='${prefix}/share'
docdir='${datarootdir}/doc/${PACKAGE_TARNAME}'
dvidir='${docdir}'
exec_prefix='${prefix}'
host='x86_64-unknown-linux-gnu'
host_alias=''
host_cpu='x86_64'
host_os='linux-gnu'
host_vendor='unknown'
htmldir='${docdir}'
includedir='${prefix}/include'
infodir='${datarootdir}/info'
install_sh='${SHELL} /home/dyan/downloads/fuse-2.9.3/install-sh'
libdir='${exec_prefix}/lib'
libexecdir='${exec_prefix}/libexec'
libfuse_libs='-lrt -ldl  '
localedir='${datarootdir}/locale'
localstatedir='${prefix}/var'
lt_ECHO='echo'
mandir='${datarootdir}/man'
mkdir_p='/bin/mkdir -p'
oldincludedir='/usr/include'
pdfdir='${docdir}'
pkgconfigdir='${libdir}/pkgconfig'
prefix='/usr/local'
program_transform_name='s,x,x,'
psdir='${docdir}'
sbindir='${exec_prefix}/sbin'
sharedstatedir='${prefix}/com'
subdirs2='include lib util example'
sysconfdir='${prefix}/etc'
target='x86_64-unknown-linux-gnu'
target_alias=''
target_cpu='x86_64'
target_os='linux-gnu'
target_vendor='unknown'

## ----------- ##
## confdefs.h. ##
## ----------- ##

#define PACKAGE_NAME "fuse"
#define PACKAGE_TARNAME "fuse"
#define PACKAGE_VERSION "2.9.3"
#define PACKAGE_STRING "fuse 2.9.3"
#define PACKAGE_BUGREPORT ""
#define PACKAGE "fuse"
#define VERSION "2.9.3"
#define STDC_HEADERS 1
#define HAVE_SYS_TYPES_H 1
#define HAVE_SYS_STAT_H 1
#define HAVE_STDLIB_H 1
#define HAVE_STRING_H 1
#define HAVE_MEMORY_H 1
#define HAVE_STRINGS_H 1
#define HAVE_INTTYPES_H 1
#define HAVE_STDINT_H 1
#define HAVE_UNISTD_H 1
#define HAVE_DLFCN_H 1
#define LT_OBJDIR ".libs/"
#define HAVE_FORK 1
#define HAVE_SETXATTR 1
#define HAVE_FDATASYNC 1
#define HAVE_SPLICE 1
#define HAVE_VMSPLICE 1
#define HAVE_UTIMENSAT 1
#define HAVE_POSIX_FALLOCATE 1
#define HAVE_STRUCT_STAT_ST_ATIM 1
#define HAVE_ICONV 1
#define ICONV_CONST 

configure: exit 0

## ---------------------- ##
## Running config.status. ##
## ---------------------- ##

This file was extended by fuse config.status 2.9.3, which was
generated by GNU Autoconf 2.63.  Invocation command line was

  CONFIG_FILES    = 
  CONFIG_HEADERS  = 
  CONFIG_LINKS    = 
  CONFIG_COMMANDS = 
  $ ./config.status include/config.h

on linux-client-01

config.status:1021: creating include/config.h
